[INFO] Scanning for projects...
[INFO] 
[INFO] ------------------< com.hoangtien2k3:rating-service >-------------------
[INFO] Building rating-service 0.0.1-SNAPSHOT
[INFO]   from pom.xml
[INFO] --------------------------------[ jar ]---------------------------------
[INFO] 
[INFO] --- clean:3.3.2:clean (default-clean) @ rating-service ---
[INFO] Deleting C:\Workspace\E-commerce-microservices-kubernetes-main\rating-service\target
[INFO] 
[INFO] --- jacoco:0.8.11:prepare-agent (default-prepare-agent) @ rating-service ---
[INFO] argLine set to -javaagent:C:\\Users\\harsh\\.m2\\repository\\org\\jacoco\\org.jacoco.agent\\0.8.11\\org.jacoco.agent-0.8.11-runtime.jar=destfile=C:\\Workspace\\E-commerce-microservices-kubernetes-main\\rating-service\\target\\jacoco.exec,excludes=com/hoangtien2k3/**/*Application.class
[INFO] 
[INFO] --- resources:3.3.1:resources (default-resources) @ rating-service ---
[INFO] Copying 1 resource from src\main\resources to target\classes
[INFO] Copying 6 resources from src\main\resources to target\classes
[INFO] 
[INFO] --- compiler:3.11.0:compile (default-compile) @ rating-service ---
[INFO] Changes detected - recompiling the module! :source
[INFO] Compiling 31 source files with javac [debug release 17] to target\classes
[INFO] -------------------------------------------------------------
[ERROR] COMPILATION ERROR : 
[INFO] -------------------------------------------------------------
[ERROR] /C:/Workspace/E-commerce-microservices-kubernetes-main/rating-service/src/main/java/com/hoangtien2k3/rating/service/RatingService.java:[79,29] cannot find symbol
  symbol:   method productId()
  location: variable ratingPostVm of type com.hoangtien2k3.rating.viewmodel.RatingPostVm
[ERROR] /C:/Workspace/E-commerce-microservices-kubernetes-main/rating-service/src/main/java/com/hoangtien2k3/rating/service/RatingService.java:[84,80] cannot find symbol
  symbol:   method productId()
  location: variable ratingPostVm of type com.hoangtien2k3.rating.viewmodel.RatingPostVm
[ERROR] /C:/Workspace/E-commerce-microservices-kubernetes-main/rating-service/src/main/java/com/hoangtien2k3/rating/service/RatingService.java:[94,42] cannot find symbol
  symbol:   method star()
  location: variable ratingPostVm of type com.hoangtien2k3.rating.viewmodel.RatingPostVm
[ERROR] /C:/Workspace/E-commerce-microservices-kubernetes-main/rating-service/src/main/java/com/hoangtien2k3/rating/service/RatingService.java:[95,39] cannot find symbol
  symbol:   method content()
  location: variable ratingPostVm of type com.hoangtien2k3.rating.viewmodel.RatingPostVm
[ERROR] /C:/Workspace/E-commerce-microservices-kubernetes-main/rating-service/src/main/java/com/hoangtien2k3/rating/service/RatingService.java:[96,41] cannot find symbol
  symbol:   method productId()
  location: variable ratingPostVm of type com.hoangtien2k3.rating.viewmodel.RatingPostVm
[ERROR] /C:/Workspace/E-commerce-microservices-kubernetes-main/rating-service/src/main/java/com/hoangtien2k3/rating/service/RatingService.java:[97,43] cannot find symbol
  symbol:   method productName()
  location: variable ratingPostVm of type com.hoangtien2k3.rating.viewmodel.RatingPostVm
[ERROR] /C:/Workspace/E-commerce-microservices-kubernetes-main/rating-service/src/main/java/com/hoangtien2k3/rating/service/RatingService.java:[99,38] cannot find symbol
  symbol:   method lastName()
  location: variable customerVm of type com.hoangtien2k3.rating.viewmodel.CustomerVm
[ERROR] /C:/Workspace/E-commerce-microservices-kubernetes-main/rating-service/src/main/java/com/hoangtien2k3/rating/service/RatingService.java:[100,39] cannot find symbol
  symbol:   method firstName()
  location: variable customerVm of type com.hoangtien2k3.rating.viewmodel.CustomerVm
[ERROR] /C:/Workspace/E-commerce-microservices-kubernetes-main/rating-service/src/main/java/com/hoangtien2k3/rating/service/CustomerService.java:[28,46] cannot find symbol
  symbol:   method customer()
  location: variable serviceUrlConfig of type com.hoangtien2k3.rating.config.ServiceUrlConfig
[ERROR] /C:/Workspace/E-commerce-microservices-kubernetes-main/rating-service/src/main/java/com/hoangtien2k3/rating/service/OrderService.java:[28,46] cannot find symbol
  symbol:   method order()
  location: variable serviceUrlConfig of type com.hoangtien2k3.rating.config.ServiceUrlConfig
[INFO] 10 errors 
[INFO] -------------------------------------------------------------
[INFO] ------------------------------------------------------------------------
[INFO] BUILD FAILURE
[INFO] ------------------------------------------------------------------------
[INFO] Total time:  8.381 s
[INFO] Finished at: 2026-01-01T16:45:38+05:30
[INFO] ------------------------------------------------------------------------
[ERROR] Failed to execute goal org.apache.maven.plugins:maven-compiler-plugin:3.11.0:compile (default-compile) on project rating-service: Compilation failure: Compilation failure: 
[ERROR] /C:/Workspace/E-commerce-microservices-kubernetes-main/rating-service/src/main/java/com/hoangtien2k3/rating/service/RatingService.java:[79,29] cannot find symbol
[ERROR]   symbol:   method productId()
[ERROR]   location: variable ratingPostVm of type com.hoangtien2k3.rating.viewmodel.RatingPostVm
[ERROR] /C:/Workspace/E-commerce-microservices-kubernetes-main/rating-service/src/main/java/com/hoangtien2k3/rating/service/RatingService.java:[84,80] cannot find symbol
[ERROR]   symbol:   method productId()
[ERROR]   location: variable ratingPostVm of type com.hoangtien2k3.rating.viewmodel.RatingPostVm
[ERROR] /C:/Workspace/E-commerce-microservices-kubernetes-main/rating-service/src/main/java/com/hoangtien2k3/rating/service/RatingService.java:[94,42] cannot find symbol
[ERROR]   symbol:   method star()
[ERROR]   location: variable ratingPostVm of type com.hoangtien2k3.rating.viewmodel.RatingPostVm
[ERROR] /C:/Workspace/E-commerce-microservices-kubernetes-main/rating-service/src/main/java/com/hoangtien2k3/rating/service/RatingService.java:[95,39] cannot find symbol
[ERROR]   symbol:   method content()
[ERROR]   location: variable ratingPostVm of type com.hoangtien2k3.rating.viewmodel.RatingPostVm
[ERROR] /C:/Workspace/E-commerce-microservices-kubernetes-main/rating-service/src/main/java/com/hoangtien2k3/rating/service/RatingService.java:[96,41] cannot find symbol
[ERROR]   symbol:   method productId()
[ERROR]   location: variable ratingPostVm of type com.hoangtien2k3.rating.viewmodel.RatingPostVm
[ERROR] /C:/Workspace/E-commerce-microservices-kubernetes-main/rating-service/src/main/java/com/hoangtien2k3/rating/service/RatingService.java:[97,43] cannot find symbol
[ERROR]   symbol:   method productName()
[ERROR]   location: variable ratingPostVm of type com.hoangtien2k3.rating.viewmodel.RatingPostVm
[ERROR] /C:/Workspace/E-commerce-microservices-kubernetes-main/rating-service/src/main/java/com/hoangtien2k3/rating/service/RatingService.java:[99,38] cannot find symbol
[ERROR]   symbol:   method lastName()
[ERROR]   location: variable customerVm of type com.hoangtien2k3.rating.viewmodel.CustomerVm
[ERROR] /C:/Workspace/E-commerce-microservices-kubernetes-main/rating-service/src/main/java/com/hoangtien2k3/rating/service/RatingService.java:[100,39] cannot find symbol
[ERROR]   symbol:   method firstName()
[ERROR]   location: variable customerVm of type com.hoangtien2k3.rating.viewmodel.CustomerVm
[ERROR] /C:/Workspace/E-commerce-microservices-kubernetes-main/rating-service/src/main/java/com/hoangtien2k3/rating/service/CustomerService.java:[28,46] cannot find symbol
[ERROR]   symbol:   method customer()
[ERROR]   location: variable serviceUrlConfig of type com.hoangtien2k3.rating.config.ServiceUrlConfig
[ERROR] /C:/Workspace/E-commerce-microservices-kubernetes-main/rating-service/src/main/java/com/hoangtien2k3/rating/service/OrderService.java:[28,46] cannot find symbol
[ERROR]   symbol:   method order()
[ERROR]   location: variable serviceUrlConfig of type com.hoangtien2k3.rating.config.ServiceUrlConfig
[ERROR] -> [Help 1]
[ERROR] 
[ERROR] To see the full stack trace of the errors, re-run Maven with the -e switch.
[ERROR] Re-run Maven using the -X switch to enable full debug logging.
[ERROR] 
[ERROR] For more information about the errors and possible solutions, please read the following articles:
[ERROR] [Help 1] http://cwiki.apache.org/confluence/display/MAVEN/MojoFailureException
